# JRE version: OpenJDK Runtime Environment Corretto-18.0.2.9.1 (18.0.2+9) (build 18.0.2+9-FR)
# Java VM: OpenJDK 64-Bit Server VM Corretto-18.0.2.9.1 (18.0.2+9-FR, mixed mode, sharing, tiered, compressed oops, compressed class ptrs, g1 gc, windows-amd64)
GC Precious Log:
 CardTable entry size: 512
 Card Set container configuration: InlinePtr #cards 4 size 8 Array Of Cards #cards 16 size 48 Howl #buckets 8 coarsen threshold 3686 Howl Bitmap #cards 512 size 80 coarsen threshold 460 Card regions per heap region 1 cards per card region 4096
 CPUs: 12 total, 12 available
 Memory: 16336M
 Large Page Support: Disabled
 NUMA Support: Disabled
 Compressed Oops: Enabled (Zero based)
 Heap Region Size: 2M
 Heap Min Capacity: 8M
 Heap Initial Capacity: 256M
 Heap Max Capacity: 4086M
 Pre-touch: Disabled
 Parallel Workers: 10
 Concurrent Workers: 3
 Concurrent Refinement Workers: 10
 Periodic GC: Disabled
Heap:
 garbage-first heap   total 468992K, used 408954K [0x0000000700a00000, 0x0000000800000000)
  region size 2048K, 2 young (4096K), 1 survivors (2048K)
 Metaspace       used 31832K, committed 32320K, reserved 1114112K
  class space    used 3962K, committed 4224K, reserved 1048576K
GC Heap History (20 events):
Event: 221.265 GC heap before
{Heap before GC invocations=173 (full 0):
 garbage-first heap   total 307200K, used 218114K [0x0000000700a00000, 0x0000000800000000)
  region size 2048K, 7 young (14336K), 1 survivors (2048K)
 Metaspace       used 30037K, committed 30400K, reserved 1114112K
  class space    used 3608K, committed 3776K, reserved 1048576K
}
Event: 221.267 GC heap after
{Heap after GC invocations=174 (full 0):
 garbage-first heap   total 307200K, used 212969K [0x0000000700a00000, 0x0000000800000000)
  region size 2048K, 1 young (2048K), 1 survivors (2048K)
 Metaspace       used 30037K, committed 30400K, reserved 1114112K
  class space    used 3608K, committed 3776K, reserved 1048576K
}
Event: 222.083 GC heap before
{Heap before GC invocations=174 (full 0):
 garbage-first heap   total 307200K, used 247785K [0x0000000700a00000, 0x0000000800000000)
  region size 2048K, 15 young (30720K), 1 survivors (2048K)
 Metaspace       used 31831K, committed 32320K, reserved 1114112K
  class space    used 3962K, committed 4224K, reserved 1048576K
}
Event: 222.088 GC heap after
{Heap after GC invocations=175 (full 0):
 garbage-first heap   total 307200K, used 231822K [0x0000000700a00000, 0x0000000800000000)
  region size 2048K, 2 young (4096K), 2 survivors (4096K)
 Metaspace       used 31831K, committed 32320K, reserved 1114112K
  class space    used 3962K, committed 4224K, reserved 1048576K
}
Event: 223.890 GC heap before
{Heap before GC invocations=175 (full 0):
 garbage-first heap   total 307200K, used 266638K [0x0000000700a00000, 0x0000000800000000)
  region size 2048K, 11 young (22528K), 2 survivors (4096K)
 Metaspace       used 31831K, committed 32320K, reserved 1114112K
  class space    used 3962K, committed 4224K, reserved 1048576K
}
Event: 223.893 GC heap after
{Heap after GC invocations=176 (full 0):
 garbage-first heap   total 307200K, used 259068K [0x0000000700a00000, 0x0000000800000000)
  region size 2048K, 2 young (4096K), 2 survivors (4096K)
 Metaspace       used 31831K, committed 32320K, reserved 1114112K
  class space    used 3962K, committed 4224K, reserved 1048576K
}
Event: 224.702 GC heap before
{Heap before GC invocations=176 (full 0):
 garbage-first heap   total 307200K, used 275452K [0x0000000700a00000, 0x0000000800000000)
  region size 2048K, 7 young (14336K), 2 survivors (4096K)
 Metaspace       used 31832K, committed 32320K, reserved 1114112K
  class space    used 3962K, committed 4224K, reserved 1048576K
}
Event: 224.705 GC heap after
{Heap after GC invocations=177 (full 0):
 garbage-first heap   total 307200K, used 273379K [0x0000000700a00000, 0x0000000800000000)
  region size 2048K, 1 young (2048K), 1 survivors (2048K)
 Metaspace       used 31832K, committed 32320K, reserved 1114112K
  class space    used 3962K, committed 4224K, reserved 1048576K
}
Event: 224.706 GC heap before
{Heap before GC invocations=177 (full 0):
 garbage-first heap   total 307200K, used 273379K [0x0000000700a00000, 0x0000000800000000)
  region size 2048K, 2 young (4096K), 1 survivors (2048K)
 Metaspace       used 31832K, committed 32320K, reserved 1114112K
  class space    used 3962K, committed 4224K, reserved 1048576K
}
Event: 224.707 GC heap after
{Heap after GC invocations=178 (full 0):
 garbage-first heap   total 307200K, used 273777K [0x0000000700a00000, 0x0000000800000000)
  region size 2048K, 1 young (2048K), 1 survivors (2048K)
 Metaspace       used 31832K, committed 32320K, reserved 1114112K
  class space    used 3962K, committed 4224K, reserved 1048576K
}
Event: 225.903 GC heap before
{Heap before GC invocations=179 (full 0):
 garbage-first heap   total 468992K, used 296305K [0x0000000700a00000, 0x0000000800000000)
  region size 2048K, 7 young (14336K), 1 survivors (2048K)
 Metaspace       used 31832K, committed 32320K, reserved 1114112K
  class space    used 3962K, committed 4224K, reserved 1048576K
}
Event: 225.905 GC heap after
{Heap after GC invocations=180 (full 0):
 garbage-first heap   total 468992K, used 291795K [0x0000000700a00000, 0x0000000800000000)
  region size 2048K, 1 young (2048K), 1 survivors (2048K)
 Metaspace       used 31832K, committed 32320K, reserved 1114112K
  class space    used 3962K, committed 4224K, reserved 1048576K
}
Event: 227.724 GC heap before
{Heap before GC invocations=180 (full 0):
 garbage-first heap   total 468992K, used 328659K [0x0000000700a00000, 0x0000000800000000)
  region size 2048K, 11 young (22528K), 1 survivors (2048K)
 Metaspace       used 31832K, committed 32320K, reserved 1114112K
  class space    used 3962K, committed 4224K, reserved 1048576K
}
Event: 227.727 GC heap after
{Heap after GC invocations=181 (full 0):
 garbage-first heap   total 468992K, used 318442K [0x0000000700a00000, 0x0000000800000000)
  region size 2048K, 2 young (4096K), 2 survivors (4096K)
 Metaspace       used 31832K, committed 32320K, reserved 1114112K
  class space    used 3962K, committed 4224K, reserved 1048576K
}
Event: 231.964 GC heap before
{Heap before GC invocations=181 (full 0):
 garbage-first heap   total 468992K, used 406506K [0x0000000700a00000, 0x0000000800000000)
  region size 2048K, 25 young (51200K), 2 survivors (4096K)
 Metaspace       used 31832K, committed 32320K, reserved 1114112K
  class space    used 3962K, committed 4224K, reserved 1048576K
}
Event: 231.969 GC heap after
{Heap after GC invocations=182 (full 0):
 garbage-first heap   total 468992K, used 384055K [0x0000000700a00000, 0x0000000800000000)
  region size 2048K, 4 young (8192K), 4 survivors (8192K)
 Metaspace       used 31832K, committed 32320K, reserved 1114112K
  class space    used 3962K, committed 4224K, reserved 1048576K
}
Event: 233.380 GC heap before
{Heap before GC invocations=182 (full 0):
 garbage-first heap   total 468992K, used 412727K [0x0000000700a00000, 0x0000000800000000)
  region size 2048K, 12 young (24576K), 4 survivors (8192K)
 Metaspace       used 31832K, committed 32320K, reserved 1114112K
  class space    used 3962K, committed 4224K, reserved 1048576K
}
Event: 233.383 GC heap after
{Heap after GC invocations=183 (full 0):
 garbage-first heap   total 468992K, used 406490K [0x0000000700a00000, 0x0000000800000000)
  region size 2048K, 2 young (4096K), 2 survivors (4096K)
 Metaspace       used 31832K, committed 32320K, reserved 1114112K
  class space    used 3962K, committed 4224K, reserved 1048576K
}
Event: 233.390 GC heap before
{Heap before GC invocations=183 (full 0):
 garbage-first heap   total 468992K, used 406490K [0x0000000700a00000, 0x0000000800000000)
  region size 2048K, 3 young (6144K), 2 survivors (4096K)
 Metaspace       used 31832K, committed 32320K, reserved 1114112K
  class space    used 3962K, committed 4224K, reserved 1048576K
}
Event: 233.392 GC heap after
{Heap after GC invocations=184 (full 0):
 garbage-first heap   total 468992K, used 406906K [0x0000000700a00000, 0x0000000800000000)
  region size 2048K, 1 young (2048K), 1 survivors (2048K)
 Metaspace       used 31832K, committed 32320K, reserved 1114112K
  class space    used 3962K, committed 4224K, reserved 1048576K
}

